Using pre-set license

 COMMAND LINE ARGUMENTS:
/Applications/Unity/Hub/Editor/2020.3.7f1/Unity.app/Contents/MacOS/Unity
-adb2
-batchMode
-noUpm
-name
AssetImportWorker0
-projectPath
/Users/mr14/Documents/GitHub/2021_360VR/New Unity Project
-logFile
Logs/AssetImportWorker0.log
-srvPort
52486
Successfully changed project path to: /Users/mr14/Documents/GitHub/2021_360VR/New Unity Project
/Users/mr14/Documents/GitHub/2021_360VR/New Unity Project
Using Asset Import Pipeline V2.
Refreshing native plugins compatible for Editor in 31.59 ms, found 1 plugins.
Preloading 0 native plugins for Editor in 0.00 ms.
Initialize engine version: 2020.3.7f1 (dd97f2c94397)
[Subsystems] Discovering subsystems at path /Applications/Unity/Hub/Editor/2020.3.7f1/Unity.app/Contents/Resources/UnitySubsystems
[Subsystems] Discovering subsystems at path /Users/mr14/Documents/GitHub/2021_360VR/New Unity Project/Assets
GfxDevice: creating device client; threaded=0
2021-07-08 16:29:00.011 Unity[7481:237439] LG UltraFine preferred device: AMD Radeon Pro W5700X (high power)
2021-07-08 16:29:00.011 Unity[7481:237439] Metal devices available: 1
2021-07-08 16:29:00.011 Unity[7481:237439] 0: AMD Radeon Pro W5700X (high power)
2021-07-08 16:29:00.012 Unity[7481:237439] Using device AMD Radeon Pro W5700X (high power)
Initializing Metal device caps: AMD Radeon Pro W5700X
Initialize mono
Mono path[0] = '/Applications/Unity/Hub/Editor/2020.3.7f1/Unity.app/Contents/Managed'
Mono path[1] = '/Applications/Unity/Hub/Editor/2020.3.7f1/Unity.app/Contents/MonoBleedingEdge/lib/mono/unityjit'
Mono config path = '/Applications/Unity/Hub/Editor/2020.3.7f1/Unity.app/Contents/MonoBleedingEdge/etc'
Using monoOptions --debugger-agent=transport=dt_socket,embedding=1,server=y,suspend=n,address=127.0.0.1:56481
Begin MonoManager ReloadAssembly
Registering precompiled unity dll's ...
Register platform support module: /Applications/Unity/Hub/Editor/2020.3.7f1/PlaybackEngines/WebGLSupport/UnityEditor.WebGL.Extensions.dll
Register platform support module: /Applications/Unity/Hub/Editor/2020.3.7f1/Unity.app/Contents/PlaybackEngines/MacStandaloneSupport/UnityEditor.OSXStandalone.Extensions.dll
Registered in 0.000720 seconds.
Native extension for OSXStandalone target not found
Native extension for WebGL target not found
Refreshing native plugins compatible for Editor in 32.33 ms, found 1 plugins.
Preloading 0 native plugins for Editor in 0.00 ms.
Mono: successfully reloaded assembly
- Completed reload, in  2.829 seconds
Platform modules already initialized, skipping
Registering precompiled user dll's ...
Registered in 0.000950 seconds.
Begin MonoManager ReloadAssembly
Native extension for OSXStandalone target not found
Native extension for WebGL target not found
Refreshing native plugins compatible for Editor in 30.59 ms, found 1 plugins.
Preloading 0 native plugins for Editor in 0.00 ms.
Mono: successfully reloaded assembly
- Completed reload, in  1.111 seconds
Platform modules already initialized, skipping
========================================================================
Worker process is ready to serve import requests
Launching external process: /Applications/Unity/Hub/Editor/2020.3.7f1/Unity.app/Contents/Tools/UnityShaderCompiler
Launched and connected shader compiler UnityShaderCompiler after 0.01 seconds
Refreshing native plugins compatible for Editor in 0.44 ms, found 1 plugins.
Preloading 0 native plugins for Editor in 0.00 ms.
Unloading 1653 Unused Serialized files (Serialized files now loaded: 0)
System memory in use before: 137.4 MB.
System memory in use after: 137.5 MB.

Unloading 13 unused Assets to reduce memory usage. Loaded Objects now: 2098.
Total: 2.925270 ms (FindLiveObjects: 0.243141 ms CreateObjectMapping: 0.044602 ms MarkObjects: 2.535543 ms  DeleteObjects: 0.101040 ms)

========================================================================
Received Import Request.
  path: Assets/XR/XRGeneralSettings.asset
  artifactKey: Guid(6eec046dd7dfb451d8210061b354cab3) Importer(815301076,1909f56bfc062723c751e8b465ee728b)
Start importing Assets/XR/XRGeneralSettings.asset using Guid(6eec046dd7dfb451d8210061b354cab3) Importer(815301076,1909f56bfc062723c751e8b465ee728b)  -> (artifact id: 'a1d6acf1987bb5938476155c8354f81b') in 1.010459 seconds
  Import took 1.013457 seconds .

========================================================================
Received Import Request.
  Time since last request: 0.000240 seconds.
  path: Assets/Scenes/SampleScene.unity
  artifactKey: Guid(9fc0d4010bbf28b4594072e72b8655ab) Importer(815301076,1909f56bfc062723c751e8b465ee728b)
Start importing Assets/Scenes/SampleScene.unity using Guid(9fc0d4010bbf28b4594072e72b8655ab) Importer(815301076,1909f56bfc062723c751e8b465ee728b)  -> (artifact id: '73375568fee951cd03f03eadad72722f') in 0.001135 seconds
  Import took 0.003850 seconds .

========================================================================
Received Import Request.
  Time since last request: 8.001047 seconds.
  path: Assets/Scenes/Scene0.unity
  artifactKey: Guid(9fc0d4010bbf28b4594072e72b8655ab) Importer(815301076,1909f56bfc062723c751e8b465ee728b)
Start importing Assets/Scenes/Scene0.unity using Guid(9fc0d4010bbf28b4594072e72b8655ab) Importer(815301076,1909f56bfc062723c751e8b465ee728b)  -> (artifact id: '28831d2f4a81a34b56454070a883c7ac') in 0.001296 seconds
  Import took 0.004223 seconds .

========================================================================
Received Import Request.
  Time since last request: 12.337647 seconds.
  path: Assets/Scenes/Scene1.unity
  artifactKey: Guid(26dba5ee236cb40f7a5d77dbbf150e6a) Importer(815301076,1909f56bfc062723c751e8b465ee728b)
Start importing Assets/Scenes/Scene1.unity using Guid(26dba5ee236cb40f7a5d77dbbf150e6a) Importer(815301076,1909f56bfc062723c751e8b465ee728b)  -> (artifact id: 'ee7683396095057d17787a4ef92975bf') in 0.002232 seconds
  Import took 0.005315 seconds .

========================================================================
Received Import Request.
  Time since last request: 7.553017 seconds.
  path: Assets/Scenes/Scene2.unity
  artifactKey: Guid(9fc0d4010bbf28b4594072e72b8655ab) Importer(815301076,1909f56bfc062723c751e8b465ee728b)
Start importing Assets/Scenes/Scene2.unity using Guid(9fc0d4010bbf28b4594072e72b8655ab) Importer(815301076,1909f56bfc062723c751e8b465ee728b)  -> (artifact id: '03371de563769d71fb9065303aec3176') in 0.001555 seconds
  Import took 0.004801 seconds .

========================================================================
Received Import Request.
  Time since last request: 3.088274 seconds.
  path: Assets/Scenes
  artifactKey: Guid(6a984675b9f34493b8bd2615c9dbb1a9) Importer(815301076,1909f56bfc062723c751e8b465ee728b)
Start importing Assets/Scenes using Guid(6a984675b9f34493b8bd2615c9dbb1a9) Importer(815301076,1909f56bfc062723c751e8b465ee728b)  -> (artifact id: '874c88e528ce0e74414ba1b595e2120b') in 0.000941 seconds
  Import took 0.004305 seconds .

========================================================================
Received Import Request.
  Time since last request: 33.467554 seconds.
  path: Assets/Scenes/Scene3.unity
  artifactKey: Guid(1dd49eed10998409ead41cfebe47e0ee) Importer(815301076,1909f56bfc062723c751e8b465ee728b)
Start importing Assets/Scenes/Scene3.unity using Guid(1dd49eed10998409ead41cfebe47e0ee) Importer(815301076,1909f56bfc062723c751e8b465ee728b)  -> (artifact id: 'b567e2db99c7f415672803682cd302d6') in 0.002213 seconds
  Import took 0.005111 seconds .

========================================================================
Received Import Request.
  Time since last request: 58.170408 seconds.
  path: Assets/Scenes/Scene4.unity
  artifactKey: Guid(511ea9847647e444d86af185405cff9b) Importer(815301076,1909f56bfc062723c751e8b465ee728b)
Start importing Assets/Scenes/Scene4.unity using Guid(511ea9847647e444d86af185405cff9b) Importer(815301076,1909f56bfc062723c751e8b465ee728b)  -> (artifact id: '1812f2e20893ae9752b9a9d1c84f719b') in 0.002052 seconds
  Import took 0.005193 seconds .

========================================================================
Received Import Request.
  Time since last request: 13.794130 seconds.
  path: Assets/Scenes/Scene5.unity
  artifactKey: Guid(ff0b421ac4a4e4ab589e640e8d1aa07d) Importer(815301076,1909f56bfc062723c751e8b465ee728b)
Start importing Assets/Scenes/Scene5.unity using Guid(ff0b421ac4a4e4ab589e640e8d1aa07d) Importer(815301076,1909f56bfc062723c751e8b465ee728b)  -> (artifact id: '6cadf677d7d53406c45ab1b6ae28af88') in 0.002276 seconds
  Import took 0.005227 seconds .

AssetImportWorkerClient::OnTransportError - code=2 error=End of file
