Using pre-set license

 COMMAND LINE ARGUMENTS:
/Applications/Unity/Hub/Editor/2020.3.7f1/Unity.app/Contents/MacOS/Unity
-adb2
-batchMode
-noUpm
-name
AssetImportWorker0
-projectPath
/Users/mr14/Documents/GitHub/2021_360VR/New Unity Project
-logFile
Logs/AssetImportWorker0.log
-srvPort
49636
Successfully changed project path to: /Users/mr14/Documents/GitHub/2021_360VR/New Unity Project
/Users/mr14/Documents/GitHub/2021_360VR/New Unity Project
Using Asset Import Pipeline V2.
Refreshing native plugins compatible for Editor in 31.57 ms, found 1 plugins.
Preloading 0 native plugins for Editor in 0.00 ms.
Initialize engine version: 2020.3.7f1 (dd97f2c94397)
[Subsystems] Discovering subsystems at path /Applications/Unity/Hub/Editor/2020.3.7f1/Unity.app/Contents/Resources/UnitySubsystems
[Subsystems] Discovering subsystems at path /Users/mr14/Documents/GitHub/2021_360VR/New Unity Project/Assets
GfxDevice: creating device client; threaded=0
2021-07-09 08:02:38.583 Unity[3572:33026] LG UltraFine preferred device: AMD Radeon Pro W5700X (high power)
2021-07-09 08:02:38.583 Unity[3572:33026] Metal devices available: 1
2021-07-09 08:02:38.583 Unity[3572:33026] 0: AMD Radeon Pro W5700X (high power)
2021-07-09 08:02:38.585 Unity[3572:33026] Using device AMD Radeon Pro W5700X (high power)
Initializing Metal device caps: AMD Radeon Pro W5700X
Initialize mono
Mono path[0] = '/Applications/Unity/Hub/Editor/2020.3.7f1/Unity.app/Contents/Managed'
Mono path[1] = '/Applications/Unity/Hub/Editor/2020.3.7f1/Unity.app/Contents/MonoBleedingEdge/lib/mono/unityjit'
Mono config path = '/Applications/Unity/Hub/Editor/2020.3.7f1/Unity.app/Contents/MonoBleedingEdge/etc'
Using monoOptions --debugger-agent=transport=dt_socket,embedding=1,server=y,suspend=n,address=127.0.0.1:56572
Begin MonoManager ReloadAssembly
Registering precompiled unity dll's ...
Register platform support module: /Applications/Unity/Hub/Editor/2020.3.7f1/PlaybackEngines/WebGLSupport/UnityEditor.WebGL.Extensions.dll
Register platform support module: /Applications/Unity/Hub/Editor/2020.3.7f1/Unity.app/Contents/PlaybackEngines/MacStandaloneSupport/UnityEditor.OSXStandalone.Extensions.dll
Registered in 0.000700 seconds.
Native extension for OSXStandalone target not found
Native extension for WebGL target not found
Refreshing native plugins compatible for Editor in 31.55 ms, found 1 plugins.
Preloading 0 native plugins for Editor in 0.00 ms.
Mono: successfully reloaded assembly
- Completed reload, in  2.731 seconds
Platform modules already initialized, skipping
Registering precompiled user dll's ...
Registered in 0.000961 seconds.
Begin MonoManager ReloadAssembly
Native extension for OSXStandalone target not found
Native extension for WebGL target not found
Refreshing native plugins compatible for Editor in 30.47 ms, found 1 plugins.
Preloading 0 native plugins for Editor in 0.00 ms.
Mono: successfully reloaded assembly
- Completed reload, in  1.084 seconds
Platform modules already initialized, skipping
========================================================================
Worker process is ready to serve import requests
Launching external process: /Applications/Unity/Hub/Editor/2020.3.7f1/Unity.app/Contents/Tools/UnityShaderCompiler
Launched and connected shader compiler UnityShaderCompiler after 0.01 seconds
Refreshing native plugins compatible for Editor in 0.41 ms, found 1 plugins.
Preloading 0 native plugins for Editor in 0.00 ms.
Unloading 1653 Unused Serialized files (Serialized files now loaded: 0)
System memory in use before: 137.4 MB.
System memory in use after: 137.4 MB.

Unloading 13 unused Assets to reduce memory usage. Loaded Objects now: 2100.
Total: 2.619391 ms (FindLiveObjects: 0.244220 ms CreateObjectMapping: 0.046443 ms MarkObjects: 2.237842 ms  DeleteObjects: 0.089861 ms)

========================================================================
Received Import Request.
  path: Assets/Scenes/images
  artifactKey: Guid(c9ad20b0dae2f40b7a7e0f989d500897) Importer(815301076,1909f56bfc062723c751e8b465ee728b)
Start importing Assets/Scenes/images using Guid(c9ad20b0dae2f40b7a7e0f989d500897) Importer(815301076,1909f56bfc062723c751e8b465ee728b)  -> (artifact id: '53a478c5997fbf7e4322dd3bb1ae42b7') in 0.003925 seconds
  Import took 0.006650 seconds .

========================================================================
Received Import Request.
  Time since last request: 0.000257 seconds.
  path: Assets/Scenes/images/스크린샷 2021-07-09 오전 8.02.16 1.png
  artifactKey: Guid(2e48569a184504d73b951c70c9785f3b) Importer(815301076,1909f56bfc062723c751e8b465ee728b)
Start importing Assets/Scenes/images/스크린샷 2021-07-09 오전 8.02.16 1.png using Guid(2e48569a184504d73b951c70c9785f3b) Importer(815301076,1909f56bfc062723c751e8b465ee728b)  -> (artifact id: '5605504c8147d37942b86d0a49a2a1b7') in 0.860414 seconds
  Import took 0.863366 seconds .

========================================================================
Received Import Request.
  Time since last request: 14.790638 seconds.
  path: Assets/Scenes/images/testimg.png
  artifactKey: Guid(2e48569a184504d73b951c70c9785f3b) Importer(815301076,1909f56bfc062723c751e8b465ee728b)
Start importing Assets/Scenes/images/testimg.png using Guid(2e48569a184504d73b951c70c9785f3b) Importer(815301076,1909f56bfc062723c751e8b465ee728b)  -> (artifact id: 'ff135e5b8e9382294ad0395d17c5b838') in 0.008238 seconds
  Import took 0.011360 seconds .

========================================================================
Received Import Request.
  Time since last request: 15.621485 seconds.
  path: Assets/Scenes/images/testimg.png
  artifactKey: Guid(2e48569a184504d73b951c70c9785f3b) Importer(815301076,1909f56bfc062723c751e8b465ee728b)
Start importing Assets/Scenes/images/testimg.png using Guid(2e48569a184504d73b951c70c9785f3b) Importer(815301076,1909f56bfc062723c751e8b465ee728b)  -> (artifact id: '043cc3fe77e5d6c22b56ebbe0cef3ffe') in 0.038668 seconds
  Import took 0.041938 seconds .

========================================================================
Received Prepare
Registering precompiled user dll's ...
Registered in 0.000908 seconds.
Begin MonoManager ReloadAssembly
Native extension for OSXStandalone target not found
Native extension for WebGL target not found
Refreshing native plugins compatible for Editor in 0.42 ms, found 1 plugins.
Preloading 0 native plugins for Editor in 0.00 ms.
Mono: successfully reloaded assembly
- Completed reload, in  0.948 seconds
Platform modules already initialized, skipping
Refreshing native plugins compatible for Editor in 0.37 ms, found 1 plugins.
Preloading 0 native plugins for Editor in 0.00 ms.
Unloading 1636 Unused Serialized files (Serialized files now loaded: 0)
System memory in use before: 145.0 MB.
System memory in use after: 145.1 MB.

Unloading 6 unused Assets to reduce memory usage. Loaded Objects now: 2111.
Total: 2.422511 ms (FindLiveObjects: 0.225610 ms CreateObjectMapping: 0.039725 ms MarkObjects: 2.113449 ms  DeleteObjects: 0.042935 ms)

